<?xml version="1.0" encoding="UTF-8"?>
<!-- Generated by org.testng.reporters.JUnitReportReporter -->
<testsuite hostname="DESKTOP-LMST07M" failures="0" tests="2" name="com.dataprovider.BasicTest" time="11.179" errors="0" timestamp="04 Apr 2023 11:02:15 GMT" skipped="0">
  <testcase classname="com.dataprovider.BasicTest" name="TestLogin" time="5.063"/>
  <testcase classname="com.dataprovider.BasicTest" name="TestLogin" time="6.116"/>
</testsuite> <!-- com.dataprovider.BasicTest -->
