<?xml version="1.0" encoding="UTF-8"?>
<!-- Generated by org.testng.reporters.JUnitReportReporter -->
<testsuite hostname="DESKTOP-LMST07M" failures="0" tests="2" name="com.dataprovider.basicTest2" time="0.020" errors="0" timestamp="05 Apr 2023 05:36:20 GMT" skipped="0">
  <testcase classname="com.dataprovider.basicTest2" name="TestLogin" time="0.016"/>
  <testcase classname="com.dataprovider.basicTest2" name="TestLogin" time="0.004"/>
</testsuite> <!-- com.dataprovider.basicTest2 -->
