<?xml version="1.0" encoding="UTF-8"?>
<!-- Generated by org.testng.reporters.JUnitReportReporter -->
<testsuite hostname="DESKTOP-LMST07M" failures="0" tests="1" name="com.testng.Annotation" time="0.017" errors="0" timestamp="03 Apr 2023 10:46:12 GMT" skipped="0">
  <testcase classname="com.testng.Annotation" name="testmethod" time="0.017"/>
</testsuite> <!-- com.testng.Annotation -->
