<?xml version="1.0" encoding="UTF-8"?>
<!-- Generated by org.testng.reporters.JUnitReportReporter -->
<testsuite hostname="DESKTOP-LMST07M" failures="0" tests="2" name="com.parameter.Browser_Para" time="31.177" errors="0" timestamp="2023-04-13T13:38:27 IST" skipped="0">
  <testcase classname="com.parameter.Browser_Para" name="Open_Browser" time="13.175"/>
  <testcase classname="com.parameter.Browser_Para" name="Open_Browser" time="18.002"/>
</testsuite> <!-- com.parameter.Browser_Para -->
