<?xml version="1.0" encoding="UTF-8"?>
<!-- Generated by org.testng.reporters.JUnitReportReporter -->
<testsuite hostname="DESKTOP-LMST07M" failures="0" tests="1" name="com.testng.OrangeHRM" time="4.092" errors="0" timestamp="03 Apr 2023 10:55:27 GMT" skipped="0">
  <testcase classname="com.testng.OrangeHRM" name="EnyterLoginDetails" time="4.092"/>
</testsuite> <!-- com.testng.OrangeHRM -->
