<?xml version="1.0" encoding="UTF-8"?>
<!-- Generated by org.testng.reporters.JUnitReportReporter -->
<testsuite hostname="DESKTOP-LMST07M" failures="0" tests="2" name="com.dataprovider.BasicTest3$basicTest2" time="0.020" errors="0" timestamp="05 Apr 2023 17:30:54 GMT" skipped="0">
  <testcase classname="com.dataprovider.BasicTest3$basicTest2" name="TestLogin" time="0.005"/>
  <testcase classname="com.dataprovider.BasicTest3$basicTest2" name="TestLogin" time="0.015"/>
</testsuite> <!-- com.dataprovider.BasicTest3$basicTest2 -->
