<?xml version="1.0" encoding="UTF-8"?>
<!-- Generated by org.testng.reporters.JUnitReportReporter -->
<testsuite hostname="DESKTOP-LMST07M" failures="0" tests="4" name="com.dataprovider.BasicTest4$basicTest2" time="0.037" errors="0" timestamp="05 Apr 2023 18:07:27 GMT" skipped="0">
  <testcase classname="com.dataprovider.BasicTest4$basicTest2" name="TestLogin" time="0.004"/>
  <testcase classname="com.dataprovider.BasicTest4$basicTest2" name="TestLogin" time="0.012"/>
  <testcase classname="com.dataprovider.BasicTest4$basicTest2" name="TestLogin" time="0.015"/>
  <testcase classname="com.dataprovider.BasicTest4$basicTest2" name="TestLogin" time="0.006"/>
</testsuite> <!-- com.dataprovider.BasicTest4$basicTest2 -->
